\BOOKMARK [0][-]{chapter.1}{Denomina\347\343o do Curso}{}% 1
\BOOKMARK [0][-]{chapter.2}{Equipe Proponente}{}% 2
\BOOKMARK [0][-]{chapter.3}{Rela\347\343o dos parceiros envolvidos \(quando for o caso\)}{}% 3
\BOOKMARK [0][-]{chapter.4}{Descri\347\343o do contexto social e educacional}{}% 4
\BOOKMARK [1][-]{section.4.1}{Nome da Institui\347\343o que o curso ser\341 ministrado}{chapter.4}% 5
\BOOKMARK [1][-]{section.4.2}{Hist\363rico da Institui\347\343o}{chapter.4}% 6
\BOOKMARK [1][-]{section.4.3}{Miss\343o da institui\347\343o}{chapter.4}% 7
\BOOKMARK [1][-]{section.4.4}{Estrutura organizacional e de gest\343o}{chapter.4}% 8
\BOOKMARK [1][-]{section.4.5}{P\372blico-alvo atendido pela institui\347\343o }{chapter.4}% 9
\BOOKMARK [1][-]{section.4.6}{Diretrizes pedag\363gicas da institui\347\343o}{chapter.4}% 10
\BOOKMARK [1][-]{section.4.7}{Perfil da demanda social e do p\372blico-alvo}{chapter.4}% 11
\BOOKMARK [0][-]{chapter.5}{Plano pedag\363gico de curso}{}% 12
\BOOKMARK [1][-]{section.5.1}{Justificativa da proposta}{chapter.5}% 13
\BOOKMARK [1][-]{section.5.2}{P\372blico-alvo do curso}{chapter.5}% 14
\BOOKMARK [1][-]{section.5.3}{Inser\347\343o social do egresso}{chapter.5}% 15
\BOOKMARK [1][-]{section.5.4}{Princ\355pios e diretrizes gerais pedag\363gicas do curso}{chapter.5}% 16
\BOOKMARK [1][-]{section.5.5}{Objetivos educacionais}{chapter.5}% 17
\BOOKMARK [1][-]{section.5.6}{Objetivos de aprendizagem}{chapter.5}% 18
\BOOKMARK [1][-]{section.5.7}{Delimita\347\343o de conhecimentos e saberes \(cognitivo, afetivo, psicomotor e de rela\347\343o social\)}{chapter.5}% 19
\BOOKMARK [1][-]{section.5.8}{Mapa de conceitos do dom\355nio cognitivo}{chapter.5}% 20
\BOOKMARK [1][-]{section.5.9}{Conte\372do program\341tico}{chapter.5}% 21
\BOOKMARK [1][-]{section.5.10}{Metodologia e estrat\351gias pedag\363gicas}{chapter.5}% 22
\BOOKMARK [1][-]{section.5.11}{Plano de a\347\343o de produ\347\343o e oferta}{chapter.5}% 23
\BOOKMARK [1][-]{section.5.12}{Cronograma de produ\347\343o e oferta}{chapter.5}% 24
\BOOKMARK [1][-]{section.5.13}{Infraestrutura de apoio}{chapter.5}% 25
\BOOKMARK [2][-]{subsection.5.13.1}{Infraestrutura f\355sica}{section.5.13}% 26
\BOOKMARK [2][-]{subsection.5.13.2}{Infraestrutura tecnol\363gica}{section.5.13}% 27
\BOOKMARK [2][-]{subsection.5.13.3}{Infraestrutura de gest\343o}{section.5.13}% 28
\BOOKMARK [1][-]{section.5.14}{Equipe docente}{chapter.5}% 29
\BOOKMARK [1][-]{section.5.15}{Gest\343o e apoio pedag\363gico}{chapter.5}% 30
\BOOKMARK [1][-]{section.5.16}{Intera\347\343o e Comunica\347\343o}{chapter.5}% 31
\BOOKMARK [1][-]{section.5.17}{Recursos educacionais}{chapter.5}% 32
\BOOKMARK [1][-]{section.5.18}{Estrat\351gias de avalia\347\343o}{chapter.5}% 33
